SF:lib\domain\map_info.dart
DA:26,2
DA:34,4
DA:35,1
DA:36,2
DA:37,3
DA:40,0
DA:41,0
DA:53,3
DA:55,1
DA:57,1
DA:59,6
DA:60,2
DA:61,4
DA:63,0
DA:64,0
DA:67,2
DA:68,2
DA:69,2
LF:18
LH:14
end_of_record
SF:lib\domain\position.dart
DA:7,2
DA:9,0
DA:11,0
DA:14,0
DA:15,0
LF:5
LH:1
end_of_record
SF:lib\domain\user.dart
DA:6,3
DA:8,4
DA:9,0
DA:10,0
DA:17,0
DA:19,0
DA:20,0
LF:7
LH:2
end_of_record
SF:lib\lib\test\faker_builder.dart
DA:4,3
DA:5,3
DA:8,0
DA:9,0
DA:10,0
DA:11,0
LF:6
LH:2
end_of_record
SF:lib\fakers\map_info_faker.dart
DA:7,3
DA:11,3
DA:12,3
DA:14,6
DA:15,6
DA:16,6
LF:6
LH:6
end_of_record
SF:lib\fakers\position_faker.dart
DA:6,1
DA:7,1
DA:8,1
DA:9,5
LF:4
LH:4
end_of_record
SF:lib\lib\test\firebase_test_utils.dart
DA:6,3
DA:7,3
DA:9,6
DA:10,12
DA:11,3
LF:5
LH:5
end_of_record
SF:lib\lib\test\image_picker_stub.dart
DA:8,1
DA:9,2
DA:12,0
DA:13,0
DA:16,1
DA:25,2
DA:28,3
DA:29,1
DA:30,1
DA:31,1
DA:32,3
DA:33,1
DA:38,0
DA:45,0
DA:46,0
DA:48,0
DA:49,0
DA:50,0
DA:51,0
DA:52,0
DA:53,0
DA:54,0
LF:22
LH:10
end_of_record
SF:lib\pages\map\spot_create_page_store.dart
DA:33,0
DA:34,0
DA:35,0
DA:37,1
DA:40,1
DA:41,1
DA:42,1
DA:44,1
DA:45,1
DA:46,2
DA:47,5
DA:48,1
DA:51,0
DA:52,0
DA:53,0
DA:54,0
DA:57,1
DA:58,1
DA:59,1
DA:62,1
DA:63,4
DA:65,1
DA:66,1
DA:68,3
DA:70,4
DA:72,1
DA:73,0
DA:76,6
DA:77,1
DA:78,1
DA:79,2
DA:80,1
DA:82,1
DA:87,0
DA:89,0
DA:90,0
DA:91,0
DA:94,0
DA:95,0
DA:96,0
DA:99,0
DA:100,0
DA:103,1
DA:104,1
DA:110,1
DA:111,2
DA:114,0
DA:115,0
DA:119,0
DA:120,0
DA:121,0
DA:124,0
DA:128,0
DA:129,0
DA:130,0
DA:131,0
DA:134,0
DA:135,0
LF:58
LH:29
end_of_record
SF:lib\repositories\map_info_repository.dart
DA:14,3
DA:16,0
DA:17,0
DA:18,0
DA:19,0
DA:20,0
DA:21,0
DA:22,0
DA:23,0
DA:24,0
DA:26,0
DA:30,0
DA:32,0
DA:33,0
DA:34,0
DA:35,0
DA:36,0
DA:37,0
DA:38,0
DA:39,0
DA:45,1
DA:46,1
DA:47,1
DA:48,1
DA:49,1
DA:50,1
DA:51,3
DA:52,0
DA:53,1
DA:55,1
DA:59,1
DA:62,0
DA:63,0
DA:64,0
DA:65,0
DA:66,0
DA:67,0
DA:68,0
DA:69,0
DA:71,0
DA:73,0
DA:74,0
DA:75,0
DA:80,2
DA:81,12
DA:84,1
DA:85,1
DA:86,1
DA:87,2
DA:88,1
DA:89,1
DA:90,1
DA:92,1
DA:95,0
DA:96,0
DA:97,0
DA:98,0
DA:99,0
DA:100,0
DA:101,0
DA:102,0
DA:103,0
DA:106,0
DA:107,0
DA:114,2
DA:115,6
DA:116,2
DA:117,2
DA:118,2
DA:119,4
DA:120,2
DA:121,2
DA:122,4
DA:125,1
DA:126,2
DA:127,1
DA:128,1
DA:129,2
DA:130,1
DA:131,1
DA:132,3
DA:135,0
DA:138,0
DA:139,0
DA:140,0
DA:141,0
DA:142,0
DA:143,0
DA:148,2
DA:149,2
DA:150,2
DA:151,2
DA:152,2
DA:153,3
DA:154,10
DA:155,2
DA:156,2
DA:157,2
DA:158,0
DA:159,0
DA:160,0
DA:161,0
DA:162,2
DA:163,2
DA:167,1
DA:169,1
DA:171,1
DA:172,0
DA:173,0
DA:176,1
DA:178,2
DA:179,0
DA:180,0
DA:184,2
DA:185,5
DA:186,1
DA:187,1
DA:188,2
DA:189,2
DA:192,2
DA:196,0
DA:198,0
DA:199,0
DA:200,0
DA:202,0
DA:206,0
DA:207,0
DA:208,0
DA:209,0
DA:212,0
DA:214,0
DA:215,0
DA:216,0
DA:217,0
DA:222,0
DA:223,0
DA:224,0
DA:225,0
DA:226,0
DA:230,0
DA:231,0
DA:233,0
DA:234,0
DA:235,0
DA:236,0
DA:237,0
DA:238,0
DA:240,0
LF:148
LH:62
end_of_record
SF:lib\repositories\name_repository.dart
DA:15,3
DA:17,1
DA:18,1
DA:19,1
DA:20,1
DA:21,1
DA:22,1
DA:23,1
DA:24,1
DA:25,2
DA:26,2
DA:27,2
DA:30,1
DA:32,1
DA:33,1
DA:34,1
DA:35,1
DA:36,2
DA:37,1
DA:40,2
DA:41,2
DA:42,8
DA:50,2
DA:52,4
DA:53,0
DA:54,2
DA:59,1
DA:60,1
DA:61,1
DA:62,1
DA:63,1
DA:64,1
DA:65,1
DA:67,1
DA:71,3
DA:74,1
DA:75,1
DA:77,1
DA:78,1
DA:79,1
DA:80,1
DA:81,1
DA:82,2
DA:84,2
DA:88,1
DA:92,2
DA:93,3
DA:94,1
DA:95,1
DA:96,4
DA:99,0
DA:100,0
LF:52
LH:49
end_of_record
SF:lib\repositories\photo_repository.dart
DA:14,2
DA:16,2
DA:20,2
DA:21,2
DA:24,0
DA:25,0
DA:27,0
DA:29,0
DA:31,0
DA:34,0
DA:35,0
DA:37,0
DA:41,0
DA:43,0
DA:44,0
DA:45,0
DA:46,0
DA:47,0
DA:48,0
DA:50,0
DA:51,0
DA:52,0
DA:58,0
DA:59,0
DA:60,0
DA:61,0
DA:62,0
DA:64,0
DA:65,0
DA:66,0
DA:67,0
DA:68,0
DA:69,0
DA:70,0
LF:34
LH:4
end_of_record
SF:lib\services\auth_service.dart
DA:7,3
DA:8,3
DA:11,0
DA:12,0
DA:13,0
DA:16,0
DA:17,0
DA:20,2
DA:21,2
LF:9
LH:4
end_of_record
SF:lib\domain\face_photo.dart
DA:11,0
DA:12,0
DA:13,0
DA:17,1
DA:18,2
DA:19,1
DA:20,1
DA:22,1
DA:23,1
DA:24,2
DA:25,1
DA:27,1
DA:28,3
DA:31,0
DA:32,0
DA:33,0
DA:34,0
DA:35,0
LF:18
LH:10
end_of_record
SF:lib\domain\photo.dart
DA:17,0
DA:18,0
DA:19,0
DA:23,0
DA:25,0
DA:26,0
DA:27,0
DA:29,0
DA:30,0
DA:48,0
DA:50,0
DA:53,0
DA:56,0
DA:57,0
DA:61,0
DA:62,0
LF:16
LH:0
end_of_record
SF:lib\domain\name.dart
DA:13,1
DA:21,2
DA:22,1
LF:3
LH:3
end_of_record
SF:lib\services\exif_datetime_parser.dart
DA:6,1
DA:7,2
DA:11,2
DA:12,1
DA:13,1
DA:17,2
DA:24,1
DA:26,1
DA:29,1
DA:32,0
DA:35,1
DA:36,2
DA:37,2
DA:38,2
DA:39,2
DA:40,2
DA:41,2
DA:43,1
LF:18
LH:17
end_of_record
SF:lib\fakers\spot_faker.dart
DA:10,1
DA:21,1
DA:22,1
DA:24,2
DA:25,2
DA:26,5
DA:27,2
DA:28,1
DA:29,2
DA:32,1
LF:10
LH:10
end_of_record
SF:lib\pages\map\spot_edit_page_store.dart
DA:38,0
DA:39,0
DA:40,0
DA:42,1
DA:50,1
DA:51,1
DA:52,1
DA:53,1
DA:55,3
DA:56,3
DA:57,3
DA:58,5
DA:59,0
DA:60,0
DA:61,0
DA:64,4
DA:65,1
DA:67,1
DA:68,1
DA:71,1
DA:72,1
DA:73,1
DA:76,0
DA:77,0
DA:78,0
DA:79,0
DA:82,0
DA:84,0
DA:85,0
DA:86,0
DA:89,0
DA:90,0
DA:91,0
DA:94,0
DA:95,0
DA:98,1
DA:99,1
DA:105,1
DA:106,2
DA:108,2
DA:109,1
DA:110,2
DA:111,2
DA:112,2
DA:114,1
DA:115,1
DA:117,3
DA:121,4
DA:122,1
DA:124,4
DA:125,1
DA:126,1
DA:129,0
DA:130,0
DA:134,0
DA:135,0
DA:136,0
DA:139,0
DA:143,0
DA:144,0
DA:145,0
DA:146,0
DA:149,0
DA:150,0
LF:64
LH:33
end_of_record
SF:lib\services\image_loader.dart
DA:15,2
DA:17,0
DA:19,0
DA:21,0
DA:22,0
DA:26,0
DA:27,0
DA:30,0
DA:33,0
DA:34,0
DA:36,0
DA:38,0
DA:39,0
DA:40,0
DA:43,0
DA:53,1
DA:55,1
DA:57,0
DA:59,0
DA:65,1
DA:67,1
DA:69,0
DA:71,0
DA:78,2
DA:80,0
DA:81,0
DA:82,0
DA:84,0
DA:85,0
DA:86,0
DA:88,0
DA:89,0
DA:95,2
DA:96,2
DA:98,0
DA:100,0
DA:102,0
DA:103,0
LF:38
LH:8
end_of_record
SF:lib\fakers\name_faker.dart
DA:7,1
DA:15,1
DA:16,1
DA:18,2
DA:19,2
DA:20,2
DA:21,2
DA:22,1
LF:8
LH:8
end_of_record
SF:lib\lib\test\image_cropper_stub.dart
DA:6,1
DA:7,1
DA:10,1
DA:28,1
DA:31,2
LF:5
LH:5
end_of_record
SF:lib\pages\name_management\name_edit_page_store.dart
DA:26,1
DA:30,1
DA:36,1
DA:37,1
DA:38,1
DA:39,1
DA:40,1
DA:41,1
DA:42,1
DA:43,2
DA:44,2
DA:46,1
DA:47,2
DA:48,0
DA:49,0
DA:50,0
DA:53,1
DA:54,1
DA:57,1
DA:58,2
DA:63,2
DA:64,1
DA:69,1
DA:70,1
DA:71,1
DA:78,2
DA:79,1
DA:80,1
DA:81,1
DA:84,1
DA:85,1
DA:91,1
DA:92,1
DA:98,1
DA:99,1
DA:100,1
DA:103,1
DA:104,1
DA:105,1
DA:107,3
DA:109,0
DA:112,2
DA:113,2
DA:114,4
DA:117,4
DA:118,1
DA:119,1
LF:47
LH:43
end_of_record
